SF:lib/data/adaptor/network/json/coach.g.dart
DA:9,2
DA:10,1
DA:11,1
DA:12,1
DA:13,1
DA:16,2
DA:17,1
DA:18,1
DA:19,1
DA:20,1
LF:10
LH:10
end_of_record
SF:lib/data/adaptor/network/json/coach.dart
DA:7,1
DA:19,2
DA:21,2
LF:3
LH:3
end_of_record
SF:lib/app/football_app.dart
DA:7,1
DA:9,1
DA:11,1
DA:13,1
DA:16,1
DA:17,2
LF:6
LH:6
end_of_record
SF:lib/ui/home/home_page.dart
DA:6,2
DA:8,1
DA:9,1
DA:13,1
DA:15,3
DA:16,1
DA:19,1
DA:21,1
DA:22,1
DA:25,1
DA:27,1
DA:28,1
DA:29,1
DA:30,1
DA:32,1
DA:33,1
DA:34,1
DA:39,1
DA:47,1
DA:49,1
DA:51,1
DA:53,3
DA:61,1
DA:63,2
DA:64,1
DA:65,1
DA:67,3
DA:82,1
DA:84,1
DA:87,1
DA:89,3
LF:31
LH:31
end_of_record
SF:lib/ui/notifier/match_notifier.dart
DA:7,1
DA:8,2
DA:9,4
DA:10,1
LF:4
LH:4
end_of_record
SF:lib/data/adaptor/network/json/booking.dart
DA:9,0
DA:21,0
DA:22,0
DA:24,0
LF:4
LH:0
end_of_record
SF:lib/data/adaptor/network/json/booking.g.dart
DA:9,0
DA:10,0
DA:11,0
DA:12,0
DA:13,0
DA:16,0
DA:17,0
DA:18,0
DA:19,0
DA:20,0
LF:10
LH:0
end_of_record
SF:lib/data/adaptor/network/json/player.dart
DA:7,1
DA:19,2
DA:21,0
LF:3
LH:2
end_of_record
SF:lib/data/adaptor/network/json/player.g.dart
DA:9,2
DA:10,1
DA:11,1
DA:12,1
DA:13,1
DA:16,0
DA:17,0
DA:18,0
DA:19,0
DA:20,0
LF:10
LH:5
end_of_record
SF:lib/data/adaptor/network/json/team.dart
DA:9,1
DA:25,2
DA:27,0
LF:3
LH:2
end_of_record
SF:lib/data/adaptor/network/json/team.g.dart
DA:9,2
DA:10,1
DA:11,1
DA:12,1
DA:14,0
DA:15,1
DA:17,0
DA:18,1
DA:19,0
DA:20,0
DA:21,1
DA:22,0
DA:23,0
DA:26,0
DA:27,0
DA:28,0
DA:29,0
DA:30,0
DA:31,0
DA:32,0
LF:20
LH:7
end_of_record
SF:lib/data/adaptor/network/json/competition.dart
DA:7,0
DA:12,0
DA:13,0
DA:15,0
LF:4
LH:0
end_of_record
SF:lib/data/adaptor/network/json/competition.g.dart
DA:9,0
DA:10,0
DA:11,0
DA:14,0
DA:15,0
DA:16,0
DA:17,0
LF:7
LH:0
end_of_record
SF:lib/data/adaptor/network/json/filters.dart
DA:7,1
DA:13,1
DA:14,1
DA:16,0
LF:4
LH:3
end_of_record
SF:lib/data/adaptor/network/json/filters.g.dart
DA:9,2
DA:11,4
DA:12,1
DA:13,1
DA:16,0
DA:17,0
DA:18,0
DA:19,0
LF:8
LH:4
end_of_record
SF:lib/data/adaptor/network/json/goal.dart
DA:9,0
DA:23,0
DA:25,0
LF:3
LH:0
end_of_record
SF:lib/data/adaptor/network/json/goal.g.dart
DA:9,0
DA:10,0
DA:11,0
DA:12,0
DA:13,0
DA:14,0
DA:17,0
DA:18,0
DA:19,0
DA:20,0
DA:21,0
DA:22,0
LF:12
LH:0
end_of_record
SF:lib/data/adaptor/network/json/match.dart
DA:15,1
DA:53,2
DA:55,0
LF:3
LH:2
end_of_record
SF:lib/data/adaptor/network/json/match.g.dart
DA:9,2
DA:10,1
DA:11,1
DA:13,0
DA:14,2
DA:15,1
DA:16,1
DA:17,1
DA:18,1
DA:19,1
DA:20,1
DA:21,1
DA:22,2
DA:23,2
DA:24,2
DA:25,1
DA:26,0
DA:27,0
DA:28,1
DA:29,0
DA:30,0
DA:31,1
DA:32,0
DA:33,0
DA:34,1
DA:35,3
DA:36,1
DA:39,0
DA:40,0
DA:41,0
DA:42,0
DA:43,0
DA:44,0
DA:45,0
DA:46,0
DA:47,0
DA:48,0
DA:49,0
DA:50,0
DA:51,0
DA:52,0
DA:53,0
DA:54,0
DA:55,0
DA:56,0
LF:45
LH:20
end_of_record
SF:lib/data/adaptor/network/json/score.dart
DA:8,1
DA:24,2
DA:26,0
LF:3
LH:2
end_of_record
SF:lib/data/adaptor/network/json/score.g.dart
DA:9,2
DA:10,1
DA:11,1
DA:12,2
DA:13,2
DA:14,2
DA:15,2
DA:18,0
DA:19,0
DA:20,0
DA:21,0
DA:22,0
DA:23,0
DA:24,0
LF:14
LH:7
end_of_record
SF:lib/data/adaptor/network/json/season.dart
DA:7,1
DA:21,2
DA:23,0
LF:3
LH:2
end_of_record
SF:lib/data/adaptor/network/json/season.g.dart
DA:9,2
DA:10,1
DA:11,1
DA:12,1
DA:13,1
DA:14,1
DA:15,0
DA:16,0
DA:19,0
DA:20,0
DA:21,0
DA:22,0
DA:23,0
DA:24,0
LF:14
LH:6
end_of_record
SF:lib/data/adaptor/network/json/substitution.dart
DA:9,0
DA:21,0
DA:22,0
DA:24,0
LF:4
LH:0
end_of_record
SF:lib/data/adaptor/network/json/substitution.g.dart
DA:9,0
DA:10,0
DA:11,0
DA:12,0
DA:13,0
DA:16,0
DA:17,0
DA:18,0
DA:19,0
DA:20,0
DA:21,0
LF:11
LH:0
end_of_record
SF:lib/data/adaptor/network/json/match_list.dart
DA:9,1
DA:19,1
DA:20,1
DA:22,0
LF:4
LH:3
end_of_record
SF:lib/data/adaptor/network/json/match_list.g.dart
DA:9,2
DA:10,1
DA:11,2
DA:12,1
DA:13,3
DA:14,1
DA:17,0
DA:18,0
DA:19,0
DA:20,0
LF:10
LH:6
end_of_record
SF:lib/data/adaptor/network/json/score_pair.dart
DA:7,1
DA:12,1
DA:13,1
DA:15,0
LF:4
LH:3
end_of_record
SF:lib/data/adaptor/network/json/score_pair.g.dart
DA:9,2
DA:10,1
DA:11,1
DA:14,0
DA:15,0
DA:16,0
LF:6
LH:3
end_of_record
SF:lib/data/adaptor/network/mapper/match_list_mapper.dart
DA:6,1
DA:7,1
DA:8,2
DA:9,2
LF:4
LH:4
end_of_record
SF:lib/data/adaptor/network/mapper/match_mapper.dart
DA:5,1
DA:6,1
DA:7,1
DA:8,2
DA:9,2
DA:10,2
LF:6
LH:6
end_of_record
SF:lib/domain/entity/match.dart
DA:2,1
LF:1
LH:1
end_of_record
SF:lib/data/adaptor/network/network.dart
DA:12,1
DA:13,2
DA:14,2
DA:15,2
DA:16,1
DA:19,1
DA:20,2
DA:21,1
DA:28,2
DA:29,1
DA:30,0
DA:31,0
DA:34,2
LF:13
LH:11
end_of_record
SF:lib/data/locator/locator.dart
DA:6,3
DA:9,1
DA:10,4
DA:11,1
LF:4
LH:4
end_of_record
SF:lib/data/repository/matches_repo_impl.dart
DA:15,1
DA:16,2
DA:17,2
DA:19,3
DA:22,4
DA:26,1
DA:27,1
DA:29,2
LF:8
LH:8
end_of_record
SF:lib/domain/story/find_team_with_most_wins.dart
DA:5,1
DA:6,2
DA:7,2
DA:8,1
DA:11,2
DA:12,2
DA:13,2
DA:14,2
DA:15,2
DA:17,3
DA:18,1
DA:19,2
DA:20,3
DA:21,1
DA:22,2
DA:28,1
DA:29,2
DA:30,3
DA:32,1
LF:19
LH:19
end_of_record
